<?xml version="1.0" encoding="UTF-8"?>
<!-- Generated by org.testng.reporters.JUnitReportReporter -->
<testsuite hostname="DESKTOP-CN7194J" failures="0" tests="1" name="bstack.testCases.FavouritesTest_003" time="7.131" errors="0" timestamp="2024-01-04T12:59:51 IST" skipped="0">
  <testcase classname="bstack.testCases.FavouritesTest_003" name="favourites" time="7.131"/>
</testsuite> <!-- bstack.testCases.FavouritesTest_003 -->
