<?xml version="1.0" encoding="UTF-8"?>
<!-- Generated by org.testng.reporters.JUnitReportReporter -->
<testsuite hostname="DESKTOP-CN7194J" failures="0" tests="1" name="bstack.testCases.BagTest_004" time="24.616" errors="0" timestamp="2024-01-04T12:59:51 IST" skipped="0">
  <testcase classname="bstack.testCases.BagTest_004" name="bagTest" time="24.616"/>
</testsuite> <!-- bstack.testCases.BagTest_004 -->
