<?xml version="1.0" encoding="UTF-8"?>
<!-- Generated by org.testng.reporters.JUnitReportReporter -->
<testsuite hostname="DESKTOP-CN7194J" failures="0" tests="1" name="bstack.testCases.FavouritesTest_003" time="9.856" errors="0" timestamp="2024-01-04T13:13:30 IST" skipped="0">
  <testcase classname="bstack.testCases.FavouritesTest_003" name="favourites" time="9.856"/>
</testsuite> <!-- bstack.testCases.FavouritesTest_003 -->
