<?xml version="1.0" encoding="UTF-8"?>
<!-- Generated by org.testng.reporters.JUnitReportReporter -->
<testsuite hostname="DESKTOP-CN7194J" failures="0" tests="1" name="bstack.testCases.HomePageTest_002" time="32.344" errors="0" timestamp="2024-01-04T13:13:30 IST" skipped="0">
  <testcase classname="bstack.testCases.HomePageTest_002" name="homepage" time="32.344"/>
</testsuite> <!-- bstack.testCases.HomePageTest_002 -->
